<?xml version="1.0" encoding="UTF-8"?>
<!-- Generated by org.testng.reporters.JUnitXMLReporter -->
<testsuite hostname="DESKTOP-LA8O03P" ignored="0" name="Default test" tests="5" failures="0" timestamp="21 Jul 2023 11:26:02 GMT" time="13.142" errors="0">
  <testcase name="launch" time="8.982" classname="org.Cricket.BrettLee"/>
  <testcase name="name" time="0.108" classname="org.Cricket.BrettLee"/>
  <testcase name="pass" time="0.141" classname="org.Cricket.BrettLee"/>
  <testcase name="login" time="0.099" classname="org.Cricket.BrettLee"/>
  <testcase name="check" time="3.786" classname="org.Cricket.BrettLee"/>
</testsuite> <!-- Default test -->
