<?xml version="1.0" encoding="UTF-8"?>
<!-- Generated by org.testng.reporters.JUnitXMLReporter -->
<testsuite hostname="DESKTOP-LA8O03P" ignored="1" name="Test" tests="2" failures="0" timestamp="13 Jul 2023 17:31:27 GMT" time="0.035" errors="0">
  <testcase name="MSD" time="0.01" classname="org.Cricket.Group"/>
  <testcase name="Rohit" time="0.0" classname="org.Cricket.Group"/>
  <testcase name="Virat" time="0.0" classname="org.Cricket.Group">
    <ignored/>
  </testcase> <!-- Virat -->
</testsuite> <!-- Test -->
